<?xml version="1.0" encoding="UTF-8" ?>
<testsuites disabled="0" errors="0" failures="1" tests="26" time="213.67">
 <testsuite name="Sing Up" timestamp="2019-07-24T14:07:48" hostname="localhost" time="54.457" errors="0" tests="2" skipped="0" disabled="0" failures="1">
  <testcase classname="Sing Up" name="Verify Sign In" time="33.123">
   <failure type="exception" message="Error: Timeout - Async callback was not invoked within timeout specified by jasmine.DEFAULT_TIMEOUT_INTERVAL."><![CDATA[Error: Timeout - Async callback was not invoked within timeout specified by jasmine.DEFAULT_TIMEOUT_INTERVAL.
    at Timeout._onTimeout (D:\ApplicationDemo\e2eTest\node_modules\jasmine\node_modules\jasmine-core\lib\jasmine-core\jasmine.js:4281:23)
    at listOnTimeout (timers.js:327:15)
    at processTimers (timers.js:271:5)]]>
   </failure>
  </testcase>
  <testcase classname="Sing Up" name="Navigate to Sign in" time="21.33" />
 </testsuite>
 <testsuite name="Login" timestamp="2019-07-24T14:08:42" hostname="localhost" time="39.42" errors="0" tests="7" skipped="0" disabled="0" failures="0">
  <testcase classname="Login" name="Enter Register Email ID" time="3.547" />
  <testcase classname="Login" name="Enter Password" time="3.527" />
  <testcase classname="Login" name="click to Sign In" time="8.095" />
  <testcase classname="Login" name="Enter Password" time="3.436" />
  <testcase classname="Login" name="click to Sign In" time="9.82" />
  <testcase classname="Login" name="Verify Welcome Account Page" time="0.34" />
  <testcase classname="Login" name="Navigate to Home" time="10.651" />
 </testsuite>
 <testsuite name="Delete Cart" timestamp="2019-07-24T14:09:22" hostname="localhost" time="51.783" errors="0" tests="6" skipped="0" disabled="0" failures="0">
  <testcase classname="Delete Cart" name="Add item to cart" time="8.763" />
  <testcase classname="Delete Cart" name="Click to add Cart" time="9.69" />
  <testcase classname="Delete Cart" name="Step1 to proceed Checkout" time="9.575" />
  <testcase classname="Delete Cart" name="Delete the Cart" time="6.426" />
  <testcase classname="Delete Cart" name="verify error msg after delete the cart" time="3.318" />
  <testcase classname="Delete Cart" name="Click To Logo" time="14.008" />
 </testsuite>
 <testsuite name="Add Cart Activity" timestamp="2019-07-24T14:10:14" hostname="localhost" time="18.187" errors="0" tests="2" skipped="0" disabled="0" failures="0">
  <testcase classname="Add Cart Activity" name="Add item to cart" time="8.561" />
  <testcase classname="Add Cart Activity" name="Click to Add Cart" time="9.622" />
 </testsuite>
 <testsuite name="Payment Activity" timestamp="2019-07-24T14:10:32" hostname="localhost" time="49.823" errors="0" tests="9" skipped="0" disabled="0" failures="0">
  <testcase classname="Payment Activity" name="Step1 to Proceed Checkout" time="8.238" />
  <testcase classname="Payment Activity" name="Verify order step 1" time="3.348" />
  <testcase classname="Payment Activity" name="Step2 to Proceed Checkout" time="6.977" />
  <testcase classname="Payment Activity" name="Verify order step 2" time="3.34" />
  <testcase classname="Payment Activity" name="Step3 to Proceed Checkout" time="5.926" />
  <testcase classname="Payment Activity" name="Verify order step 3" time="3.338" />
  <testcase classname="Payment Activity" name="Step4 to Proceed Checkout" time="10.162" />
  <testcase classname="Payment Activity" name="Verify order step 4" time="6.37" />
  <testcase classname="Payment Activity" name="Click Payment to Proceed" time="2.12" />
 </testsuite>
</testsuites>